<?xml version="1.0" encoding="UTF-8"?>
<!-- Generated by org.testng.reporters.JUnitReportReporter -->
<testsuite hostname="LAPTOP-R8RL5IE9" failures="0" tests="4" name="Petstore.api.Tests.UserTests" time="12.965" errors="0" timestamp="2022-10-15T16:18:10 IST" skipped="0">
  <testcase classname="Petstore.api.Tests.UserTests" name="DeleteuserTest" time="1.736"/>
  <system-out/>
  <testcase classname="Petstore.api.Tests.UserTests" name="CreateuserTest" time="6.213"/>
  <system-out/>
  <testcase classname="Petstore.api.Tests.UserTests" name="GetuserTest" time="1.644"/>
  <system-out/>
  <testcase classname="Petstore.api.Tests.UserTests" name="UpdateuserTest" time="3.372"/>
  <system-out/>
</testsuite> <!-- Petstore.api.Tests.UserTests -->
