<?xml version="1.0" encoding="UTF-8"?>
<!-- Generated by org.testng.reporters.JUnitReportReporter -->
<testsuite hostname="LAPTOP-R8RL5IE9" failures="0" tests="6" name="Petstore.api.Tests.DDTests" time="16.318" errors="0" timestamp="2022-10-15T16:04:36 IST" skipped="0">
  <testcase classname="Petstore.api.Tests.DDTests" name="testpostuser" time="1.981"/>
  <system-out/>
  <testcase classname="Petstore.api.Tests.DDTests" name="testpostuser" time="1.930"/>
  <system-out/>
  <testcase classname="Petstore.api.Tests.DDTests" name="testpostuser" time="6.144"/>
  <system-out/>
  <testcase classname="Petstore.api.Tests.DDTests" name="testdeleteuser" time="1.737"/>
  <system-out/>
  <testcase classname="Petstore.api.Tests.DDTests" name="testdeleteuser" time="2.578"/>
  <system-out/>
  <testcase classname="Petstore.api.Tests.DDTests" name="testdeleteuser" time="1.948"/>
  <system-out/>
</testsuite> <!-- Petstore.api.Tests.DDTests -->
