<?xml version="1.0" encoding="UTF-8"?>
<!-- Generated by org.testng.reporters.JUnitReportReporter -->
<testsuite hostname="LAPTOP-R8RL5IE9" failures="0" tests="6" name="Petstore.api.Tests.UserTests" time="11.220" errors="0" timestamp="2022-10-16T10:08:20 IST" skipped="0">
  <testcase classname="Petstore.api.Tests.UserTests" name="CreateuserTest" time="2.889"/>
  <system-out/>
  <testcase classname="Petstore.api.Tests.UserTests" name="GetuserTest" time="1.443"/>
  <system-out/>
  <testcase classname="Petstore.api.Tests.UserTests" name="UpdateuserTest" time="2.770"/>
  <system-out/>
  <testcase classname="Petstore.api.Tests.UserTests" name="LoginUserTest" time="1.371"/>
  <system-out/>
  <testcase classname="Petstore.api.Tests.UserTests" name="LogoutuserTest" time="1.366"/>
  <system-out/>
  <testcase classname="Petstore.api.Tests.UserTests" name="DeleteuserTest" time="1.381"/>
  <system-out/>
</testsuite> <!-- Petstore.api.Tests.UserTests -->
