<?xml version="1.0" encoding="UTF-8"?>
<!-- Generated by org.testng.reporters.JUnitReportReporter -->
<testsuite hostname="LAPTOP-R8RL5IE9" failures="0" tests="6" name="Petstore.api.Tests.UserTests" time="11.107" errors="0" timestamp="2022-10-16T12:06:27 IST" skipped="0">
  <testcase classname="Petstore.api.Tests.UserTests" name="CreateuserTest" time="2.776"/>
  <system-out/>
  <testcase classname="Petstore.api.Tests.UserTests" name="GetuserTest" time="1.573"/>
  <system-out/>
  <testcase classname="Petstore.api.Tests.UserTests" name="UpdateuserTest" time="2.685"/>
  <system-out/>
  <testcase classname="Petstore.api.Tests.UserTests" name="LoginUserTest" time="1.351"/>
  <system-out/>
  <testcase classname="Petstore.api.Tests.UserTests" name="LogoutuserTest" time="1.342"/>
  <system-out/>
  <testcase classname="Petstore.api.Tests.UserTests" name="DeleteuserTest" time="1.380"/>
  <system-out/>
</testsuite> <!-- Petstore.api.Tests.UserTests -->
