<?xml version="1.0" encoding="UTF-8"?>
<!-- Generated by org.testng.reporters.JUnitReportReporter -->
<testsuite hostname="LAPTOP-R8RL5IE9" failures="0" tests="4" name="Petstore.api.Tests.UserTests" time="9.117" errors="0" timestamp="2022-10-15T18:19:53 IST" skipped="0">
  <testcase classname="Petstore.api.Tests.UserTests" name="DeleteuserTest" time="1.389"/>
  <system-out/>
  <testcase classname="Petstore.api.Tests.UserTests" name="CreateuserTest" time="3.558"/>
  <system-out/>
  <testcase classname="Petstore.api.Tests.UserTests" name="GetuserTest" time="1.327"/>
  <system-out/>
  <testcase classname="Petstore.api.Tests.UserTests" name="UpdateuserTest" time="2.843"/>
  <system-out/>
</testsuite> <!-- Petstore.api.Tests.UserTests -->
